This is pdfTeX, Version 3.1415926-2.3-1.40.12 (MiKTeX 2.9) (preloaded format=latex 2011.11.22)  29 SEP 2016 11:59
entering extended mode
**ABV_Bewegungsanalyse_LaTeX.tex
(I:\LaTeX\ABV_Bewegungsanalyse_LaTeX\ABV_Bewegungsanalyse_LaTeX.tex
LaTeX2e <2011/06/27>
Babel <v3.8m> and hyphenation patterns for english, afrikaans, ancientgreek, ar
abic, armenian, assamese, basque, bengali, bokmal, bulgarian, catalan, coptic, 
croatian, czech, danish, dutch, esperanto, estonian, farsi, finnish, french, ga
lician, german, german-x-2009-06-19, greek, gujarati, hindi, hungarian, iceland
ic, indonesian, interlingua, irish, italian, kannada, kurmanji, lao, latin, lat
vian, lithuanian, malayalam, marathi, mongolian, mongolianlmc, monogreek, ngerm
an, ngerman-x-2009-06-19, nynorsk, oriya, panjabi, pinyin, polish, portuguese, 
romanian, russian, sanskrit, serbian, slovak, slovenian, spanish, swedish, swis
sgerman, tamil, telugu, turkish, turkmen, ukenglish, ukrainian, uppersorbian, u
senglishmax, welsh, loaded.
(I:\LaTeX\_LaTeX_portable\MiKTeXPortable\tex\latex\base\article.cls
Document Class: article 2007/10/19 v1.4h Standard LaTeX document class
(I:\LaTeX\_LaTeX_portable\MiKTeXPortable\tex\latex\base\fleqn.clo
File: fleqn.clo 1998/08/17 v1.1c Standard LaTeX option (flush left equations)
\mathindent=\dimen102
)
(I:\LaTeX\_LaTeX_portable\MiKTeXPortable\tex\latex\base\size12.clo
File: size12.clo 2007/10/19 v1.4h Standard LaTeX file (size option)
)
\c@part=\count79
\c@section=\count80
\c@subsection=\count81
\c@subsubsection=\count82
\c@paragraph=\count83
\c@subparagraph=\count84
\c@figure=\count85
\c@table=\count86
\abovecaptionskip=\skip41
\belowcaptionskip=\skip42
\bibindent=\dimen103
)
(I:\LaTeX\_LaTeX_portable\MiKTeXPortable\tex\latex\base\inputenc.sty
Package: inputenc 2008/03/30 v1.1d Input encoding file
\inpenc@prehook=\toks14
\inpenc@posthook=\toks15

(I:\LaTeX\_LaTeX_portable\MiKTeXPortable\tex\latex\base\latin1.def
File: latin1.def 2008/03/30 v1.1d Input encoding file
))
(I:\LaTeX\_LaTeX_portable\MiKTeXPortable\tex\generic\babel\babel.sty
Package: babel 2008/07/08 v3.8m The Babel package

*************************************
* Local config file bblopts.cfg used
*
(I:\LaTeX\_LaTeX_portable\MiKTeXPortable\tex\latex\00miktex\bblopts.cfg
File: bblopts.cfg 2006/07/31 v1.0 MiKTeX 'babel' configuration
)
(I:\LaTeX\_LaTeX_portable\MiKTeXPortable\tex\generic\babel\ngermanb.ldf
Language: ngermanb 2008/07/06 v2.6n new German support from the babel system

(I:\LaTeX\_LaTeX_portable\MiKTeXPortable\tex\generic\babel\babel.def
File: babel.def 2008/07/08 v3.8m Babel common definitions
\babel@savecnt=\count87
\U@D=\dimen104
)
\l@naustrian = a dialect from \language\l@ngerman 
Package babel Info: Making " an active character on input line 92.
))
(I:\LaTeX\_LaTeX_portable\MiKTeXPortable\tex\latex\geometry\geometry.sty
Package: geometry 2010/09/12 v5.6 Page Geometry

(I:\LaTeX\_LaTeX_portable\MiKTeXPortable\tex\latex\graphics\keyval.sty
Package: keyval 1999/03/16 v1.13 key=value parser (DPC)
\KV@toks@=\toks16
)
(I:\LaTeX\_LaTeX_portable\MiKTeXPortable\tex\generic\oberdiek\ifpdf.sty
Package: ifpdf 2011/01/30 v2.3 Provides the ifpdf switch (HO)
Package ifpdf Info: pdfTeX in PDF mode is not detected.
)
(I:\LaTeX\_LaTeX_portable\MiKTeXPortable\tex\generic\oberdiek\ifvtex.sty
Package: ifvtex 2010/03/01 v1.5 Switches for detecting VTeX and its modes (HO)
Package ifvtex Info: VTeX not detected.
)
(I:\LaTeX\_LaTeX_portable\MiKTeXPortable\tex\generic\ifxetex\ifxetex.sty
Package: ifxetex 2010/09/12 v0.6 Provides ifxetex conditional
)
\Gm@cnth=\count88
\Gm@cntv=\count89
\c@Gm@tempcnt=\count90
\Gm@bindingoffset=\dimen105
\Gm@wd@mp=\dimen106
\Gm@odd@mp=\dimen107
\Gm@even@mp=\dimen108
\Gm@layoutwidth=\dimen109
\Gm@layoutheight=\dimen110
\Gm@layouthoffset=\dimen111
\Gm@layoutvoffset=\dimen112
\Gm@dimlist=\toks17

(I:\LaTeX\_LaTeX_portable\MiKTeXPortable\tex\latex\geometry\geometry.cfg))
(I:\LaTeX\_LaTeX_portable\MiKTeXPortable\tex\latex\misc\etex.sty
Package: etex 1998/03/26 v2.0 eTeX basic definition package (PEB)
\et@xins=\count91
)
(I:\LaTeX\_LaTeX_portable\MiKTeXPortable\tex\latex\graphics\graphicx.sty
Package: graphicx 1999/02/16 v1.0f Enhanced LaTeX Graphics (DPC,SPQR)

(I:\LaTeX\_LaTeX_portable\MiKTeXPortable\tex\latex\graphics\graphics.sty
Package: graphics 2009/02/05 v1.0o Standard LaTeX Graphics (DPC,SPQR)

(I:\LaTeX\_LaTeX_portable\MiKTeXPortable\tex\latex\graphics\trig.sty
Package: trig 1999/03/16 v1.09 sin cos tan (DPC)
)
(I:\LaTeX\_LaTeX_portable\MiKTeXPortable\tex\latex\00miktex\graphics.cfg
File: graphics.cfg 2007/01/18 v1.5 graphics configuration of teTeX/TeXLive
)
Package graphics Info: Driver file: dvips.def on input line 91.

(I:\LaTeX\_LaTeX_portable\MiKTeXPortable\tex\latex\graphics\dvips.def
File: dvips.def 1999/02/16 v3.0i Driver-dependant file (DPC,SPQR)
))
\Gin@req@height=\dimen113
\Gin@req@width=\dimen114
)
(I:\LaTeX\_LaTeX_portable\MiKTeXPortable\tex\latex\amsfonts\amssymb.sty
Package: amssymb 2009/06/22 v3.00

(I:\LaTeX\_LaTeX_portable\MiKTeXPortable\tex\latex\amsfonts\amsfonts.sty
Package: amsfonts 2009/06/22 v3.00 Basic AMSFonts support
\@emptytoks=\toks18
\symAMSa=\mathgroup4
\symAMSb=\mathgroup5
LaTeX Font Info:    Overwriting math alphabet `\mathfrak' in version `bold'
(Font)                  U/euf/m/n --> U/euf/b/n on input line 96.
))
(I:\LaTeX\_LaTeX_portable\MiKTeXPortable\tex\latex\multirow\multirow.sty
\bigstrutjot=\dimen115
)
(I:\LaTeX\_LaTeX_portable\MiKTeXPortable\tex\latex\tools\multicol.sty
Package: multicol 2011/06/27 v1.7a multicolumn formatting (FMi)
\c@tracingmulticols=\count92
\mult@box=\box26
\multicol@leftmargin=\dimen116
\c@unbalance=\count93
\c@collectmore=\count94
\doublecol@number=\count95
\multicoltolerance=\count96
\multicolpretolerance=\count97
\full@width=\dimen117
\page@free=\dimen118
\premulticols=\dimen119
\postmulticols=\dimen120
\multicolsep=\skip43
\multicolbaselineskip=\skip44
\partial@page=\box27
\last@line=\box28
\mult@rightbox=\box29
\mult@grightbox=\box30
\mult@gfirstbox=\box31
\mult@firstbox=\box32
\@tempa=\box33
\@tempa=\box34
\@tempa=\box35
\@tempa=\box36
\@tempa=\box37
\@tempa=\box38
\@tempa=\box39
\@tempa=\box40
\@tempa=\box41
\@tempa=\box42
\@tempa=\box43
\@tempa=\box44
\@tempa=\box45
\@tempa=\box46
\@tempa=\box47
\@tempa=\box48
\@tempa=\box49
\c@columnbadness=\count98
\c@finalcolumnbadness=\count99
\last@try=\dimen121
\multicolovershoot=\dimen122
\multicolundershoot=\dimen123
\mult@nat@firstbox=\box50
\colbreak@box=\box51
\multicol@sort@counter=\count100
)
(I:\LaTeX\_LaTeX_portable\MiKTeXPortable\tex\latex\xcolor\xcolor.sty
Package: xcolor 2007/01/21 v2.11 LaTeX color extensions (UK)

(I:\LaTeX\_LaTeX_portable\MiKTeXPortable\tex\latex\00miktex\color.cfg
File: color.cfg 2007/01/18 v1.5 color configuration of teTeX/TeXLive
)
Package xcolor Info: Driver file: dvips.def on input line 225.
Package xcolor Info: Model `cmy' substituted by `cmy0' on input line 1337.
Package xcolor Info: Model `RGB' extended on input line 1353.
Package xcolor Info: Model `HTML' substituted by `rgb' on input line 1355.
Package xcolor Info: Model `Hsb' substituted by `hsb' on input line 1356.
Package xcolor Info: Model `tHsb' substituted by `hsb' on input line 1357.
Package xcolor Info: Model `HSB' substituted by `hsb' on input line 1358.
Package xcolor Info: Model `Gray' substituted by `gray' on input line 1359.
Package xcolor Info: Model `wave' substituted by `hsb' on input line 1360.
)
(I:\LaTeX\_LaTeX_portable\MiKTeXPortable\tex\latex\float\float.sty
Package: float 2001/11/08 v1.3d Float enhancements (AL)
\c@float@type=\count101
\float@exts=\toks19
\float@box=\box52
\@float@everytoks=\toks20
\@floatcapt=\box53
)
(I:\LaTeX\_LaTeX_portable\MiKTeXPortable\tex\latex\pdfpages\pdfpages.sty
Package: pdfpages 2012/08/31 v0.4t Insert pages of external PDF documents (AM)

(I:\LaTeX\_LaTeX_portable\MiKTeXPortable\tex\latex\base\ifthen.sty
Package: ifthen 2001/05/26 v1.1c Standard LaTeX ifthen package (DPC)
)
(I:\LaTeX\_LaTeX_portable\MiKTeXPortable\tex\latex\tools\calc.sty
Package: calc 2007/08/22 v4.3 Infix arithmetic (KKT,FJ)
\calc@Acount=\count102
\calc@Bcount=\count103
\calc@Adimen=\dimen124
\calc@Bdimen=\dimen125
\calc@Askip=\skip45
\calc@Bskip=\skip46
LaTeX Info: Redefining \setlength on input line 76.
LaTeX Info: Redefining \addtolength on input line 77.
\calc@Ccount=\count104
\calc@Cskip=\skip47
)
(I:\LaTeX\_LaTeX_portable\MiKTeXPortable\tex\latex\eso-pic\eso-pic.sty
Package: eso-pic 2010/10/06 v2.0c eso-pic (RN)

(I:\LaTeX\_LaTeX_portable\MiKTeXPortable\tex\generic\oberdiek\atbegshi.sty
Package: atbegshi 2011/01/30 v1.15 At begin shipout hook (HO)

(I:\LaTeX\_LaTeX_portable\MiKTeXPortable\tex\generic\oberdiek\infwarerr.sty
Package: infwarerr 2010/04/08 v1.3 Providing info/warning/message (HO)
)
(I:\LaTeX\_LaTeX_portable\MiKTeXPortable\tex\generic\oberdiek\ltxcmds.sty
Package: ltxcmds 2011/04/18 v1.20 LaTeX kernel commands for general use (HO)
)))
(I:\LaTeX\_LaTeX_portable\MiKTeXPortable\tex\latex\pdfpages\pppdftex.def
File: pppdftex.def 2012/08/31 v0.4t Pdfpages driver for pdfTeX (AM)

(I:\LaTeX\_LaTeX_portable\MiKTeXPortable\tex\latex\pdfpages\ppnull.def
File: ppnull.def 2012/08/31 v0.4t Pdfpages dummy driver (AM)


Package pdfpages Warning: I will use a dummy \includepdf command
(pdfpages)                which will NOT insert any pages, because
(pdfpages)                you are producing DVI output.

))
\AM@pagebox=\box54
\AM@toc@title=\toks21
\c@AM@survey=\count105
\AM@templatesizebox=\box55
) (I:\LaTeX\_LaTeX_portable\MiKTeXPortable\tex\latex\pst-plot\pst-plot.sty
Package: pst-plot 2011/06/05 v1.00 LaTeX wrapper for `pst-plot' (HV)

(I:\LaTeX\_LaTeX_portable\MiKTeXPortable\tex\latex\pstricks\pstricks.sty
Package: pstricks 2011/04/23 v0.50 LaTeX wrapper for `PSTricks' (RN,HV)

(I:\LaTeX\_LaTeX_portable\MiKTeXPortable\tex\generic\oberdiek\ifluatex.sty
Package: ifluatex 2010/03/01 v1.3 Provides the ifluatex switch (HO)
Package ifluatex Info: LuaTeX not detected.
)
(I:\LaTeX\_LaTeX_portable\MiKTeXPortable\tex\generic\pstricks\pstricks.tex
(I:\LaTeX\_LaTeX_portable\MiKTeXPortable\tex\generic\xkeyval\pst-xkey.tex
File: pst-xkey.tex 2005/11/25 v1.6 PSTricks specialization of xkeyval (HA)

(I:\LaTeX\_LaTeX_portable\MiKTeXPortable\tex\latex\xkeyval\xkeyval.sty
Package: xkeyval 2008/08/13 v2.6a package option processing (HA)

(I:\LaTeX\_LaTeX_portable\MiKTeXPortable\tex\generic\xkeyval\xkeyval.tex
\XKV@toks=\toks22
\XKV@tempa@toks=\toks23
\XKV@depth=\count106
File: xkeyval.tex 2008/08/13 v2.6a key=value parser (HA)
)))
(I:\LaTeX\_LaTeX_portable\MiKTeXPortable\tex\generic\pstricks\pst-fp.tex
`pst-fp' v0.05, 2010/01/17 (hv)
\pstFP@xs=\count107
\pstFP@xia=\count108
\pstFP@xib=\count109
\pstFP@xfa=\count110
\pstFP@xfb=\count111
\pstFP@rega=\count112
\pstFP@regb=\count113
\pstFP@regs=\count114
\pstFP@times=\count115
)
\psLoopIndex=\count116

`PSTricks' v2.21  <2011/06/07> (tvz)
\pst@dima=\dimen126
\pst@dimb=\dimen127
\pst@dimc=\dimen128
\pst@dimd=\dimen129
\pst@dimg=\dimen130
\pst@dimh=\dimen131
\pst@dimm=\dimen132
\pst@dimn=\dimen133
\pst@dimo=\dimen134
\pst@dimp=\dimen135
\pst@hbox=\box56
\pst@ibox=\box57
\pst@boxg=\box58
\pst@cnta=\count117
\pst@cntb=\count118
\pst@cntc=\count119
\pst@cntd=\count120
\pst@cntg=\count121
\pst@cnth=\count122
\pst@cntm=\count123
\pst@cntn=\count124
\pst@cnto=\count125
\pst@cntp=\count126
\@zero=\count127
\pst@toks=\toks24
(I:\LaTeX\_LaTeX_portable\MiKTeXPortable\tex\generic\pstricks\pstricks.con)
\psunit=\dimen136
\psxunit=\dimen137
\psyunit=\dimen138
\pst@C@@rType=\count128
\pslinewidth=\dimen139
\psk@startLW=\dimen140
\psk@endLW=\dimen141
\pst@customdefs=\toks25
\pslinearc=\dimen142
\pst@symbolStep=\dimen143
\pst@symbolWidth=\dimen144
\everypsbox=\toks26
\psframesep=\dimen145
\pslabelsep=\dimen146
\pst@shift=\dimen147
\theoverlaybox=\box59
)
File: pstricks.tex 2011/06/07 v2.21 `PSTricks' (tvz,hv)

(I:\LaTeX\_LaTeX_portable\MiKTeXPortable\tex\generic\pstricks\pst-fp.tex)
File: pst-fp.tex 2011/06/07 v2.21 `PST-fp' (hv)
)
(I:\LaTeX\_LaTeX_portable\MiKTeXPortable\tex\latex\xkeyval\pst-xkey.sty
Package: pst-xkey 2005/11/25 v1.6 package wrapper for pst-xkey.tex (HA)
)
(I:\LaTeX\_LaTeX_portable\MiKTeXPortable\tex\latex\multido\multido.sty
Package: multido 2004/05/17 package wrapper for PSTricks `multido.tex', (HV/RN)


(I:\LaTeX\_LaTeX_portable\MiKTeXPortable\tex\generic\multido\multido.tex
 v1.42, 2010/05/14 <tvz>
\multido@count=\count129
\multidocount=\count130
\multido@stuff=\toks27
)
File: multido.tex 2010/05/14 v1.42 `multido' (tvz,hv)
)
Package: pst-plot 2011/04/13 package wrapper for pst-plot.tex (hv)

(I:\LaTeX\_LaTeX_portable\MiKTeXPortable\tex\generic\pst-plot\pst-plot.tex
 v1.34, 2011/11/07 (tvz,hv)
\pstRadUnit=\dimen148
\pstRadUnitInv=\dimen149
\pst@linecnt=\count131
\psxlabelsep=\dimen150
\psylabelsep=\dimen151
\psk@subticksize=\dimen152
\pst@xticksizeA=\dimen153
\pst@xticksizeB=\dimen154
\pst@xticksizeC=\dimen155
\pst@yticksizeA=\dimen156
\pst@yticksizeB=\dimen157
\pst@yticksizeC=\dimen158
\@digitcounter=\count132
\psk@llx=\dimen159
\psk@lly=\dimen160
\psk@urx=\dimen161
\psk@ury=\dimen162
\pst@xunit=\dimen163
\pst@yunit=\dimen164
)
File: pst-plot.tex 2011/11/07 1.34 `pst-plot' (tvz,hv)
)
(I:\LaTeX\_LaTeX_portable\MiKTeXPortable\tex\latex\pst-node\pst-node.sty
Package: pst-node 2011/06/05 v1.00 LaTeX wrapper for `pst-node' (HV)
Package: pst-node 2010/04/22 package wrapper for pst-node.tex

(I:\LaTeX\_LaTeX_portable\MiKTeXPortable\tex\generic\pst-node\pst-node.tex
 v1.20, 2011/08/20
\psrow=\count133
\pscol=\count134
\psmatrixcnt=\count135
\psrowsep=\skip48
\pscolsep=\skip49
\pst@args=\count136
\num@pts=\count137
\pst@argcnt=\count138
)
File: pst-node.tex 2011/08/20 1.20 `pst-node' (tvz)
)
(I:\LaTeX\_LaTeX_portable\MiKTeXPortable\tex\latex\caption\caption.sty
Package: caption 2012/02/19 v3.2f Customizing captions (AR)

(I:\LaTeX\_LaTeX_portable\MiKTeXPortable\tex\latex\caption\caption3.sty
Package: caption3 2012/01/12 v1.4b caption3 kernel (AR)
\captionmargin=\dimen165
\captionmargin@=\dimen166
\captionwidth=\dimen167
\caption@indent=\dimen168
\caption@parindent=\dimen169
\caption@hangindent=\dimen170
)
\c@ContinuedFloat=\count139
Package caption Info: float package is loaded.
)
(I:\LaTeX\_LaTeX_portable\MiKTeXPortable\tex\latex\base\fixltx2e.sty
Package: fixltx2e 2006/09/13 v1.1m fixes to LaTeX
LaTeX Info: Redefining \em on input line 420.
)
(I:\LaTeX\_LaTeX_portable\MiKTeXPortable\tex\latex\tools\array.sty
Package: array 2008/09/09 v2.4c Tabular extension package (FMi)
\col@sep=\dimen171
\extrarowheight=\dimen172
\NC@list=\toks28
\extratabsurround=\skip50
\backup@length=\skip51
)
(I:\LaTeX\_LaTeX_portable\MiKTeXPortable\tex\latex\ams\math\amsmath.sty
Package: amsmath 2000/07/18 v2.13 AMS math features
\@mathmargin=\skip52

For additional information on amsmath, use the `?' option.
(I:\LaTeX\_LaTeX_portable\MiKTeXPortable\tex\latex\ams\math\amstext.sty
Package: amstext 2000/06/29 v2.01

(I:\LaTeX\_LaTeX_portable\MiKTeXPortable\tex\latex\ams\math\amsgen.sty
File: amsgen.sty 1999/11/30 v2.0
\@emptytoks=\toks29
\ex@=\dimen173
))
(I:\LaTeX\_LaTeX_portable\MiKTeXPortable\tex\latex\ams\math\amsbsy.sty
Package: amsbsy 1999/11/29 v1.2d
\pmbraise@=\dimen174
)
(I:\LaTeX\_LaTeX_portable\MiKTeXPortable\tex\latex\ams\math\amsopn.sty
Package: amsopn 1999/12/14 v2.01 operator names
)
\inf@bad=\count140
LaTeX Info: Redefining \frac on input line 211.
\uproot@=\count141
\leftroot@=\count142
LaTeX Info: Redefining \overline on input line 307.
\classnum@=\count143
\DOTSCASE@=\count144
LaTeX Info: Redefining \ldots on input line 379.
LaTeX Info: Redefining \dots on input line 382.
LaTeX Info: Redefining \cdots on input line 467.
\Mathstrutbox@=\box60
\strutbox@=\box61
\big@size=\dimen175
LaTeX Font Info:    Redeclaring font encoding OML on input line 567.
LaTeX Font Info:    Redeclaring font encoding OMS on input line 568.
\macc@depth=\count145
\c@MaxMatrixCols=\count146
\dotsspace@=\muskip10
\c@parentequation=\count147
\dspbrk@lvl=\count148
\tag@help=\toks30
\row@=\count149
\column@=\count150
\maxfields@=\count151
\andhelp@=\toks31
\eqnshift@=\dimen176
\alignsep@=\dimen177
\tagshift@=\dimen178
\tagwidth@=\dimen179
\totwidth@=\dimen180
\lineht@=\dimen181
\@envbody=\toks32
\multlinegap=\skip53
\multlinetaggap=\skip54
\mathdisplay@stack=\toks33
LaTeX Info: Redefining \[ on input line 2666.
LaTeX Info: Redefining \] on input line 2667.
)
(I:\LaTeX\_LaTeX_portable\MiKTeXPortable\tex\latex\fancyhdr\fancyhdr.sty
\fancy@headwidth=\skip55
\f@ncyO@elh=\skip56
\f@ncyO@erh=\skip57
\f@ncyO@olh=\skip58
\f@ncyO@orh=\skip59
\f@ncyO@elf=\skip60
\f@ncyO@erf=\skip61
\f@ncyO@olf=\skip62
\f@ncyO@orf=\skip63
)
(I:\LaTeX\_LaTeX_portable\MiKTeXPortable\tex\latex\enumitem\enumitem.sty
Package: enumitem 2011/09/28 v3.5.2 Customized lists
\labelindent=\skip64
\enit@outerparindent=\dimen182
\enit@toks=\toks34
\enit@inbox=\box62
\enitdp@description=\count152
)
(I:\LaTeX\_LaTeX_portable\MiKTeXPortable\tex\latex\blindtext\blindtext.sty
Package: blindtext 2009/12/29 V1.9c blindtext-Package

(I:\LaTeX\_LaTeX_portable\MiKTeXPortable\tex\latex\tools\xspace.sty
Package: xspace 2009/10/20 v1.13 Space after command names (DPC,MH)
)
\c@blindtext=\count153
\c@Blindtext=\count154
\blind@countxx=\count155
\blindtext@numBlindtext=\count156
\blind@countyy=\count157
\c@blindlist=\count158
\c@blindlistlevel=\count159
\c@blindlist@level=\count160
\blind@listitem=\count161
\c@blind@listcount=\count162
\c@blind@levelcount=\count163
\blind@mathformula=\count164
\blind@Mathformula=\count165
)
(I:\LaTeX\_LaTeX_portable\MiKTeXPortable\tex\latex\listings\listings.sty
\lst@mode=\count166
\lst@gtempboxa=\box63
\lst@token=\toks35
\lst@length=\count167
\lst@currlwidth=\dimen183
\lst@column=\count168
\lst@pos=\count169
\lst@lostspace=\dimen184
\lst@width=\dimen185
\lst@newlines=\count170
\lst@lineno=\count171
\lst@maxwidth=\dimen186

(I:\LaTeX\_LaTeX_portable\MiKTeXPortable\tex\latex\listings\lstmisc.sty
File: lstmisc.sty 2014/09/06 1.5e (Carsten Heinz)
\c@lstnumber=\count172
\lst@skipnumbers=\count173
\lst@framebox=\box64
)
(I:\LaTeX\_LaTeX_portable\MiKTeXPortable\tex\latex\listings\listings.cfg
File: listings.cfg 2014/09/06 1.5e listings configuration
))
Package: listings 2014/09/06 1.5e (Carsten Heinz)

(I:\LaTeX\_LaTeX_portable\MiKTeXPortable\tex\latex\ltxmisc\url.sty
\Urlmuskip=\muskip11
Package: url 2006/04/12  ver 3.3  Verb mode for urls, etc.
)
(I:\LaTeX\_LaTeX_portable\MiKTeXPortable\tex\latex\hyperref\hyperref.sty
Package: hyperref 2011/08/19 v6.82h Hypertext links for LaTeX

(I:\LaTeX\_LaTeX_portable\MiKTeXPortable\tex\generic\oberdiek\hobsub-hyperref.s
ty
Package: hobsub-hyperref 2011/04/23 v1.4 Bundle oberdiek, subset hyperref (HO)

(I:\LaTeX\_LaTeX_portable\MiKTeXPortable\tex\generic\oberdiek\hobsub-generic.st
y
Package: hobsub-generic 2011/04/23 v1.4 Bundle oberdiek, subset generic (HO)
Package: hobsub 2011/04/23 v1.4 Subsetting bundle oberdiek (HO)
Package hobsub Info: Skipping package `infwarerr' (already loaded).
Package hobsub Info: Skipping package `ltxcmds' (already loaded).
Package hobsub Info: Skipping package `ifluatex' (already loaded).
Package hobsub Info: Skipping package `ifvtex' (already loaded).
Package: intcalc 2007/09/27 v1.1 Expandable integer calculations (HO)
Package hobsub Info: Skipping package `ifpdf' (already loaded).
Package: etexcmds 2011/02/16 v1.5 Prefix for e-TeX command names (HO)
Package etexcmds Info: Could not find \expanded.
(etexcmds)             That can mean that you are not using pdfTeX 1.50 or
(etexcmds)             that some package has redefined \expanded.
(etexcmds)             In the latter case, load this package earlier.
Package: kvsetkeys 2011/04/07 v1.13 Key value parser (HO)
Package: kvdefinekeys 2011/04/07 v1.3 Defining keys (HO)
Package: pdftexcmds 2011/04/22 v0.16 Utilities of pdfTeX for LuaTeX (HO)
Package pdftexcmds Info: LuaTeX not detected.
Package pdftexcmds Info: \pdf@primitive is available.
Package pdftexcmds Info: \pdf@ifprimitive is available.
Package pdftexcmds Info: \pdfdraftmode is ignored in DVI mode.
Package: pdfescape 2011/04/04 v1.12 Provides string conversions (HO)
Package: bigintcalc 2011/01/30 v1.2 Expandable big integer calculations (HO)
Package: bitset 2011/01/30 v1.1 Data type bit set (HO)
Package: uniquecounter 2011/01/30 v1.2 Provides unlimited unique counter (HO)
)
Package hobsub Info: Skipping package `hobsub' (already loaded).
Package: letltxmacro 2010/09/02 v1.4 Let assignment for LaTeX macros (HO)
Package: hopatch 2011/01/30 v1.0 Wrapper for package hooks (HO)
Package: xcolor-patch 2011/01/30 xcolor patch
Package: atveryend 2011/04/23 v1.7 Hooks at very end of document (HO)
Package hobsub Info: Skipping package `atbegshi' (already loaded).
Package: refcount 2010/12/01 v3.2 Data extraction from references (HO)
Package: hycolor 2011/01/30 v1.7 Color options of hyperref/bookmark (HO)
) (I:\LaTeX\_LaTeX_portable\MiKTeXPortable\tex\latex\oberdiek\kvoptions.sty
Package: kvoptions 2010/12/23 v3.10 Keyval support for LaTeX options (HO)
)
\@linkdim=\dimen187
\Hy@linkcounter=\count174
\Hy@pagecounter=\count175

(I:\LaTeX\_LaTeX_portable\MiKTeXPortable\tex\latex\hyperref\pd1enc.def
File: pd1enc.def 2011/08/19 v6.82h Hyperref: PDFDocEncoding definition (HO)
)
\Hy@SavedSpaceFactor=\count176

(I:\LaTeX\_LaTeX_portable\MiKTeXPortable\tex\latex\00miktex\hyperref.cfg
File: hyperref.cfg 2002/06/06 v1.2 hyperref configuration of TeXLive
)
Package hyperref Info: Option `pdftoolbar' set `true' on input line 3932.
Package hyperref Info: Option `colorlinks' set `true' on input line 3932.
Package hyperref Info: Option `linktocpage' set `true' on input line 3932.
Package hyperref Info: Hyper figures OFF on input line 4053.
Package hyperref Info: Link nesting OFF on input line 4058.
Package hyperref Info: Hyper index ON on input line 4061.
Package hyperref Info: Plain pages OFF on input line 4068.
Package hyperref Info: Backreferencing OFF on input line 4073.
Package hyperref Info: Implicit mode ON; LaTeX internals redefined.
Package hyperref Info: Bookmarks ON on input line 4291.
\c@Hy@tempcnt=\count177
LaTeX Info: Redefining \url on input line 4644.
\Fld@menulength=\count178
\Field@Width=\dimen188
\Fld@charsize=\dimen189
Package hyperref Info: Hyper figures OFF on input line 5730.
Package hyperref Info: Link nesting OFF on input line 5735.
Package hyperref Info: Hyper index ON on input line 5738.
Package hyperref Info: backreferencing OFF on input line 5745.
Package hyperref Info: Link coloring ON on input line 5748.
Package hyperref Info: Link coloring with OCG OFF on input line 5755.
Package hyperref Info: PDF/A mode OFF on input line 5760.
LaTeX Info: Redefining \ref on input line 5800.
LaTeX Info: Redefining \pageref on input line 5804.
\Hy@abspage=\count179
\c@Item=\count180
\c@Hfootnote=\count181
)

Package hyperref Message: Driver (default): hdvips.

(I:\LaTeX\_LaTeX_portable\MiKTeXPortable\tex\latex\hyperref\hdvips.def
File: hdvips.def 2011/08/19 v6.82h Hyperref driver for dvips

(I:\LaTeX\_LaTeX_portable\MiKTeXPortable\tex\latex\hyperref\pdfmark.def
File: pdfmark.def 2011/08/19 v6.82h Hyperref definitions for pdfmark specials
\pdf@docset=\toks36
\pdf@box=\box65
\pdf@toks=\toks37
\pdf@defaulttoks=\toks38
\Fld@listcount=\count182
\c@bookmark@seq@number=\count183

(I:\LaTeX\_LaTeX_portable\MiKTeXPortable\tex\latex\oberdiek\rerunfilecheck.sty
Package: rerunfilecheck 2011/04/15 v1.7 Rerun checks for auxiliary files (HO)
Package uniquecounter Info: New unique counter `rerunfilecheck' on input line 2
82.
)
\Hy@SectionHShift=\skip65
)) (I:\LaTeX\_LaTeX_portable\MiKTeXPortable\tex\latex\oberdiek\bookmark.sty
Package: bookmark 2011/04/21 v1.21 PDF bookmarks (HO)

(I:\LaTeX\_LaTeX_portable\MiKTeXPortable\tex\latex\oberdiek\auxhook.sty
Package: auxhook 2011/03/04 v1.3 Hooks for auxiliary files (HO)
)
(I:\LaTeX\_LaTeX_portable\MiKTeXPortable\tex\latex\oberdiek\bkm-dvips.def
File: bkm-dvips.def 2011/04/21 v1.21 bookmark driver for dvips (HO)
\BKM@id=\count184
))
(I:\LaTeX\ABV_Bewegungsanalyse_LaTeX\ABV_Bewegungsanalyse_LaTeX.aux)
LaTeX Font Info:    Checking defaults for OML/cmm/m/it on input line 100.
LaTeX Font Info:    ... okay on input line 100.
LaTeX Font Info:    Checking defaults for T1/cmr/m/n on input line 100.
LaTeX Font Info:    ... okay on input line 100.
LaTeX Font Info:    Checking defaults for OT1/cmr/m/n on input line 100.
LaTeX Font Info:    ... okay on input line 100.
LaTeX Font Info:    Checking defaults for OMS/cmsy/m/n on input line 100.
LaTeX Font Info:    ... okay on input line 100.
LaTeX Font Info:    Checking defaults for OMX/cmex/m/n on input line 100.
LaTeX Font Info:    ... okay on input line 100.
LaTeX Font Info:    Checking defaults for U/cmr/m/n on input line 100.
LaTeX Font Info:    ... okay on input line 100.
LaTeX Font Info:    Checking defaults for PD1/pdf/m/n on input line 100.
LaTeX Font Info:    ... okay on input line 100.

*geometry* driver: auto-detecting
*geometry* detected driver: dvips
*geometry* verbose mode - [ preamble ] result:
* driver: dvips
* paper: a4paper
* layout: <same size as paper>
* layoutoffset:(h,v)=(0.0pt,0.0pt)
* hratio: 1:1
* vratio: 1:1
* modes: 
* h-part:(L,W,R)=(78.24507pt, 441.01772pt, 78.24509pt)
* v-part:(T,H,B)=(109.5431pt, 625.96062pt, 109.54312pt)
* \paperwidth=597.50787pt
* \paperheight=845.04684pt
* \textwidth=441.01772pt
* \textheight=625.96062pt
* \oddsidemargin=5.97508pt
* \evensidemargin=5.97508pt
* \topmargin=-3.17963pt
* \headheight=12.0pt
* \headsep=28.45274pt
* \topskip=12.0pt
* \footskip=42.67912pt
* \marginparwidth=44.0pt
* \marginparsep=10.0pt
* \columnsep=10.0pt
* \skip\footins=10.8pt plus 4.0pt minus 2.0pt
* \hoffset=0.0pt
* \voffset=0.0pt
* \mag=1000
* \@twocolumnfalse
* \@twosidefalse
* \@mparswitchfalse
* \@reversemarginfalse
* (1in=72.27pt=25.4mm, 1cm=28.453pt)

\AtBeginShipoutBox=\box66
Package caption Info: Begin \AtBeginDocument code.
Package caption Info: hyperref package is loaded.
Package caption Info: listings package is loaded.
Package caption Info: End \AtBeginDocument code.
\c@lstlisting=\count185
Package hyperref Info: Link coloring ON on input line 100.
(I:\LaTeX\_LaTeX_portable\MiKTeXPortable\tex\latex\hyperref\nameref.sty
Package: nameref 2010/04/30 v2.40 Cross-referencing by name of section

(I:\LaTeX\_LaTeX_portable\MiKTeXPortable\tex\generic\oberdiek\gettitlestring.st
y
Package: gettitlestring 2010/12/03 v1.4 Cleanup title references (HO)
)
\c@section@level=\count186
)
LaTeX Info: Redefining \ref on input line 100.
LaTeX Info: Redefining \pageref on input line 100.
LaTeX Info: Redefining \nameref on input line 100.
File: logo_TH.eps Graphic file (type eps)
 <logo_TH.eps>
LaTeX Font Info:    Try loading font information for U+msa on input line 111.

(I:\LaTeX\_LaTeX_portable\MiKTeXPortable\tex\latex\amsfonts\umsa.fd
File: umsa.fd 2009/06/22 v3.00 AMS symbols A
)
LaTeX Font Info:    Try loading font information for U+msb on input line 111.

(I:\LaTeX\_LaTeX_portable\MiKTeXPortable\tex\latex\amsfonts\umsb.fd
File: umsb.fd 2009/06/22 v3.00 AMS symbols B
) [1

]
(I:\LaTeX\ABV_Bewegungsanalyse_LaTeX\ABV_Bewegungsanalyse_LaTeX.toc)
\tf@toc=\write3


Package Fancyhdr Warning: \headheight is too small (12.0pt): 
 Make it at least 14.49998pt.
 We now make it that large for the rest of the document.
 This may cause the page layout to be inconsistent, however.

[2]
Underfull \hbox (badness 10000) in paragraph at lines 140--141

 []


Package Fancyhdr Warning: \headheight is too small (12.0pt): 
 Make it at least 14.49998pt.
 We now make it that large for the rest of the document.
 This may cause the page layout to be inconsistent, however.

[3]
Underfull \hbox (badness 10000) in paragraph at lines 149--151

 []

File: beziehung-bild-bewegungsfeld.png Graphic file (type eps)
<beziehung-bild-bewegungsfeld.png>
Underfull \hbox (badness 10000) in paragraph at lines 165--166

 []


Package Fancyhdr Warning: \headheight is too small (12.0pt): 
 Make it at least 14.49998pt.
 We now make it that large for the rest of the document.
 This may cause the page layout to be inconsistent, however.

[4]
Underfull \hbox (badness 10000) in paragraph at lines 177--179

 []


Package Fancyhdr Warning: \headheight is too small (12.0pt): 
 Make it at least 14.49998pt.
 We now make it that large for the rest of the document.
 This may cause the page layout to be inconsistent, however.

[5]
Underfull \hbox (badness 10000) in paragraph at lines 199--201

 []


Underfull \hbox (badness 10000) in paragraph at lines 221--225

 []


Package Fancyhdr Warning: \headheight is too small (12.0pt): 
 Make it at least 14.49998pt.
 We now make it that large for the rest of the document.
 This may cause the page layout to be inconsistent, however.

[6]
Underfull \hbox (badness 10000) in paragraph at lines 240--241

 []


Package Fancyhdr Warning: \headheight is too small (12.0pt): 
 Make it at least 14.49998pt.
 We now make it that large for the rest of the document.
 This may cause the page layout to be inconsistent, however.

[7]

LaTeX Warning: `!h' float specifier changed to `!ht'.


Underfull \hbox (badness 10000) in paragraph at lines 311--312

 []

File: Testmaterial1.jpg Graphic file (type eps)
<Testmaterial1.jpg>
Underfull \hbox (badness 2080) in paragraph at lines 321--325
\OT1/cmr/m/n/12 In den mitt-le-ren 50 Bil-dern wird der
 []


Underfull \hbox (badness 10000) in paragraph at lines 321--325

 []


Overfull \hbox (2.61107pt too wide) in paragraph at lines 313--326
[]$[]$ $[]$ 
 []


Underfull \hbox (badness 10000) in paragraph at lines 313--326

 []


Package Fancyhdr Warning: \headheight is too small (12.0pt): 
 Make it at least 14.49998pt.
 We now make it that large for the rest of the document.
 This may cause the page layout to be inconsistent, however.

[8]

LaTeX Warning: Text page 9 contains only floats.


Overfull \vbox (5.09485pt too high) has occurred while \output is active []



Package Fancyhdr Warning: \headheight is too small (12.0pt): 
 Make it at least 14.49998pt.
 We now make it that large for the rest of the document.
 This may cause the page layout to be inconsistent, however.

[9]
File: Testmaterial2.jpg Graphic file (type eps)
 <Testmaterial2.jpg>
Underfull \hbox (badness 1028) in paragraph at lines 335--338
\OT1/cmr/m/n/12 um-fasst ist ein Blu-men-mo-tiv zu se-hen,
 []


Underfull \hbox (badness 2150) in paragraph at lines 335--338
\OT1/cmr/m/n/12 de-ne Rich-tun-gen ver-scho-ben wird. Auf
 []


Underfull \hbox (badness 10000) in paragraph at lines 335--338

 []


Overfull \hbox (2.61107pt too wide) in paragraph at lines 327--339
[]$[]$ $[]$ 
 []

File: Testmaterial3.jpg Graphic file (type eps)
<Testmaterial3.jpg>
Underfull \hbox (badness 10000) in paragraph at lines 349--352

 []


Overfull \hbox (2.61107pt too wide) in paragraph at lines 341--353
[]$[]$ $[]$ 
 []


Package Fancyhdr Warning: \headheight is too small (12.0pt): 
 Make it at least 14.49998pt.
 We now make it that large for the rest of the document.
 This may cause the page layout to be inconsistent, however.

[10]
Underfull \hbox (badness 10000) in paragraph at lines 362--365

 []

File: testmaterial12.jpg Graphic file (type eps)
<testmaterial12.jpg>

Package Fancyhdr Warning: \headheight is too small (12.0pt): 
 Make it at least 14.49998pt.
 We now make it that large for the rest of the document.
 This may cause the page layout to be inconsistent, however.

[11]
Underfull \hbox (badness 10000) in paragraph at lines 373--374

 []


Underfull \hbox (badness 10000) in paragraph at lines 375--377

 []

File: frame43.png Graphic file (type eps)
<frame43.png>
File: frame47.png Graphic file (type eps)
 <frame47.png>
Overfull \hbox (2.61107pt too wide) in paragraph at lines 378--392
[]$[]$ $[]$ 
 []


Package Fancyhdr Warning: \headheight is too small (12.0pt): 
 Make it at least 14.49998pt.
 We now make it that large for the rest of the document.
 This may cause the page layout to be inconsistent, however.

[12]

Package Fancyhdr Warning: \headheight is too small (12.0pt): 
 Make it at least 14.49998pt.
 We now make it that large for the rest of the document.
 This may cause the page layout to be inconsistent, however.

[13]

Package Fancyhdr Warning: \headheight is too small (12.0pt): 
 Make it at least 14.49998pt.
 We now make it that large for the rest of the document.
 This may cause the page layout to be inconsistent, however.

[14]
Underfull \hbox (badness 10000) in paragraph at lines 691--694

 []


Package Fancyhdr Warning: \headheight is too small (12.0pt): 
 Make it at least 14.49998pt.
 We now make it that large for the rest of the document.
 This may cause the page layout to be inconsistent, however.

[15]
Underfull \hbox (badness 10000) in paragraph at lines 695--699

 []


Package Fancyhdr Warning: \headheight is too small (12.0pt): 
 Make it at least 14.49998pt.
 We now make it that large for the rest of the document.
 This may cause the page layout to be inconsistent, however.

[16]
Overfull \hbox (3.86812pt too wide) in paragraph at lines 874--877
\OT1/cmr/m/n/12 Das Pro-jekt, den An-satz von Aach und Kunz$[]$ auf nor-ma-le B
ild-se-quen-zen zu []ubertragen
 []


Underfull \hbox (badness 10000) in paragraph at lines 874--877

 []


Package Fancyhdr Warning: \headheight is too small (12.0pt): 
 Make it at least 14.49998pt.
 We now make it that large for the rest of the document.
 This may cause the page layout to be inconsistent, however.

[17]

Package Fancyhdr Warning: \headheight is too small (12.0pt): 
 Make it at least 14.49998pt.
 We now make it that large for the rest of the document.
 This may cause the page layout to be inconsistent, however.

[18] (I:\LaTeX\ABV_Bewegungsanalyse_LaTeX\ABV_Bewegungsanalyse_LaTeX.bbl)
Package atveryend Info: Empty hook `BeforeClearDocument' on input line 891.


Package Fancyhdr Warning: \headheight is too small (12.0pt): 
 Make it at least 14.49998pt.
 We now make it that large for the rest of the document.
 This may cause the page layout to be inconsistent, however.

[19]
Package atveryend Info: Executing hook `AfterLastShipout' on input line 891.
\BKM@file=\write4
 (I:\LaTeX\ABV_Bewegungsanalyse_LaTeX\ABV_Bewegungsanalyse_LaTeX.aux)
Package atveryend Info: Empty hook `AtVeryEndDocument' on input line 891.
Package atveryend Info: Empty hook `AtEndAfterFileList' on input line 891.
 ) 
Here is how much of TeX's memory you used:
 13480 strings out of 494046
 201053 string characters out of 3138707
 406185 words of memory out of 3000000
 16540 multiletter control sequences out of 15000+200000
 12781 words of font info for 48 fonts, out of 3000000 for 9000
 715 hyphenation exceptions out of 8191
 53i,12n,92p,1136b,484s stack positions out of 5000i,500n,10000p,200000b,50000s

Output written on ABV_Bewegungsanalyse_LaTeX.dvi (19 pages, 230688 bytes).
